<?xml version="1.0" encoding="UTF-8"?>
<!-- Generated by org.testng.reporters.JUnitXMLReporter -->
<testsuite ignored="1" hostname="LAPTOP-62LRSUPR" failures="0" tests="1" name="Default test" time="67.433" errors="0" timestamp="2023-10-09T21:43:21 IST">
  <testcase classname="Outlook.testscript.TC_Login" name="tsalesforcesilogin" time="41.812"/>
  <testcase classname="Outlook.testscript.TC_Homepage" name="salesforcehome" time="0.0">
    <ignored/>
  </testcase> <!-- salesforcehome -->
</testsuite> <!-- Default test -->
