<?xml version="1.0" encoding="UTF-8"?>
<testng-results ignored="1" total="2" passed="1" failed="0" skipped="0">
  <reporter-output>
  </reporter-output>
  <suite started-at="2023-10-09T21:42:14 IST" name="Default suite" finished-at="2023-10-09T21:43:21 IST" duration-ms="67433">
    <groups>
    </groups>
    <test started-at="2023-10-09T21:42:14 IST" name="Default test" finished-at="2023-10-09T21:43:21 IST" duration-ms="67433">
      <class name="Outlook.testscript.TC_Login">
        <test-method is-config="true" signature="settingup()[pri:0, instance:Outlook.testscript.TC_Login@7586beff]" started-at="2023-10-09T21:42:07 IST" name="settingup" finished-at="2023-10-09T21:42:14 IST" duration-ms="7182" status="PASS">
          <reporter-output>
          </reporter-output>
        </test-method> <!-- settingup -->
        <test-method is-config="true" signature="login()[pri:0, instance:Outlook.testscript.TC_Login@7586beff]" started-at="2023-10-09T21:42:14 IST" name="login" finished-at="2023-10-09T21:42:39 IST" duration-ms="25550" status="PASS">
          <reporter-output>
          </reporter-output>
        </test-method> <!-- login -->
        <test-method signature="tsalesforcesilogin()[pri:0, instance:Outlook.testscript.TC_Login@7586beff]" started-at="2023-10-09T21:42:39 IST" name="tsalesforcesilogin" finished-at="2023-10-09T21:43:21 IST" duration-ms="41812" status="PASS">
          <reporter-output>
          </reporter-output>
        </test-method> <!-- tsalesforcesilogin -->
        <test-method is-config="true" signature="last()[pri:0, instance:Outlook.testscript.TC_Login@7586beff]" started-at="2023-10-09T21:43:21 IST" name="last" finished-at="2023-10-09T21:43:21 IST" duration-ms="1" status="PASS">
          <reporter-output>
          </reporter-output>
        </test-method> <!-- last -->
      </class> <!-- Outlook.testscript.TC_Login -->
    </test> <!-- Default test -->
  </suite> <!-- Default suite -->
</testng-results>
